[2025-12-31T22:02:42+00:00] =========================================
[2025-12-31T22:02:42+00:00] Orchestrator Watchdog started
[2025-12-31T22:02:42+00:00] Check interval: 30s
[2025-12-31T22:02:42+00:00] =========================================
[2025-12-31T22:02:42+00:00] Starting orchestrator agent...
[2025-12-31T22:02:42+00:00] Orchestrator started with PID: 62209
[2025-12-31T22:03:09+00:00] =========================================
[2025-12-31T22:03:09+00:00] Orchestrator Watchdog started
[2025-12-31T22:03:09+00:00] Check interval: 30s
[2025-12-31T22:03:09+00:00] =========================================
[2025-12-31T22:03:09+00:00] Starting orchestrator agent...
[2025-12-31T22:03:09+00:00] Orchestrator started with PID: 62467
[2025-12-31T22:03:39+00:00] Orchestrator not running - restarting...
[2025-12-31T22:03:39+00:00] Starting orchestrator agent...
[2025-12-31T22:03:39+00:00] Orchestrator started with PID: 62548
[2025-12-31T22:05:11+00:00] =========================================
[2025-12-31T22:05:11+00:00] Orchestrator Watchdog started
[2025-12-31T22:05:11+00:00] Check interval: 30s
[2025-12-31T22:05:11+00:00] =========================================
[2025-12-31T22:05:11+00:00] Starting orchestrator agent...
[2025-12-31T22:05:11+00:00] Orchestrator started with PID: 62809
[2025-12-31T22:14:11+00:00] Orchestrator not running - restarting...
[2025-12-31T22:14:11+00:00] Starting orchestrator agent...
[2025-12-31T22:14:11+00:00] Orchestrator started with PID: 65934
[2025-12-31T22:23:42+00:00] Orchestrator not running - restarting...
[2025-12-31T22:23:42+00:00] Starting orchestrator agent...
[2025-12-31T22:23:42+00:00] Orchestrator started with PID: 69864
[2025-12-31T22:36:42+00:00] Orchestrator not running - restarting...
[2025-12-31T22:36:42+00:00] Starting orchestrator agent...
[2025-12-31T22:36:42+00:00] Orchestrator started with PID: 238905
[2025-12-31T22:37:12+00:00] Orchestrator not running - restarting...
[2025-12-31T22:37:12+00:00] Starting orchestrator agent...
[2025-12-31T22:37:12+00:00] Orchestrator started with PID: 238941
[2025-12-31T22:37:42+00:00] Orchestrator not running - restarting...
[2025-12-31T22:37:42+00:00] Starting orchestrator agent...
[2025-12-31T22:37:42+00:00] Orchestrator started with PID: 238978
[2025-12-31T22:38:12+00:00] Orchestrator not running - restarting...
[2025-12-31T22:38:12+00:00] Starting orchestrator agent...
[2025-12-31T22:38:12+00:00] Orchestrator started with PID: 239014
[2025-12-31T22:39:35+00:00] =========================================
[2025-12-31T22:39:35+00:00] Orchestrator Watchdog started
[2025-12-31T22:39:35+00:00] Check interval: 30s
[2025-12-31T22:39:35+00:00] =========================================
[2025-12-31T22:39:35+00:00] Starting orchestrator agent...
[2025-12-31T22:39:35+00:00] Orchestrator started with PID: 239795
[2025-12-31T22:50:36+00:00] Orchestrator not running - restarting...
[2025-12-31T22:50:36+00:00] Starting orchestrator agent...
[2025-12-31T22:50:36+00:00] Orchestrator started with PID: 247781
[2025-12-31T23:01:06+00:00] Orchestrator not running - restarting...
[2025-12-31T23:01:06+00:00] Starting orchestrator agent...
[2025-12-31T23:01:06+00:00] Orchestrator started with PID: 254710
[2026-01-01T17:04:43+00:00] =========================================
[2026-01-01T17:04:43+00:00] Orchestrator Watchdog started
[2026-01-01T17:04:43+00:00] Check interval: 30s
[2026-01-01T17:04:43+00:00] =========================================
[2026-01-01T17:04:43+00:00] Starting orchestrator agent...
[2026-01-01T17:04:43+00:00] Orchestrator started with PID: 262267
[2026-01-01T17:14:13+00:00] Orchestrator not running - restarting...
[2026-01-01T17:14:13+00:00] Starting orchestrator agent...
[2026-01-01T17:14:13+00:00] Orchestrator started with PID: 267370
[2026-01-01T17:20:13+00:00] Orchestrator not running - restarting...
[2026-01-01T17:20:13+00:00] Starting orchestrator agent...
[2026-01-01T17:20:13+00:00] Orchestrator started with PID: 270193
[2026-01-01T18:27:27+00:00] =========================================
[2026-01-01T18:27:27+00:00] Orchestrator Watchdog started
[2026-01-01T18:27:27+00:00] Check interval: 30s
[2026-01-01T18:27:27+00:00] =========================================
[2026-01-01T18:27:27+00:00] Starting orchestrator agent...
[2026-01-01T18:27:27+00:00] Orchestrator started with PID: 273332
