[2026-01-04T19:43:30Z] [INFO] Heartbeat service started (PID: 559289)
[2026-01-04T19:44:49Z] [INFO] Stopping heartbeat service (PID: 559289)
[2026-01-04T19:44:50Z] [INFO] Heartbeat service stopped
bash: /tmp/tmp.R8QnpDUPDe: No such file or directory
[2026-01-04T19:46:29Z] [ERROR] Failed to start heartbeat service (process died immediately)
bash: /tmp/tmp.pfcENwJ121: No such file or directory
[2026-01-04T19:46:33Z] [ERROR] Failed to start heartbeat service (process died immediately)
[2026-01-04T19:46:53Z] [INFO] Heartbeat service started (PID: 629847)
[2026-01-04T19:48:07Z] [INFO] Stopping heartbeat service (PID: 629847)
[2026-01-04T19:48:08Z] [INFO] Heartbeat service stopped
[2026-01-04T19:56:54Z] [WARN] Heartbeat service not running (no PID file)
[2026-01-04T19:58:39Z] [INFO] Heartbeat service started (PID: 645923)
[2026-01-04T20:04:00Z] [INFO] Stopping heartbeat service (PID: 645923)
[2026-01-04T20:04:01Z] [INFO] Heartbeat service stopped
[2026-01-04T20:04:07Z] [WARN] Heartbeat service not running (no PID file)
[2026-01-04T20:04:30Z] [INFO] Heartbeat service started (PID: 647773)
[2026-01-04T20:11:56Z] [INFO] Stopping heartbeat service (PID: 647773)
[2026-01-04T20:11:57Z] [INFO] Heartbeat service stopped
[2026-01-04T20:12:14Z] [INFO] Heartbeat service started (PID: 656038)
[2026-01-04T20:19:19Z] [INFO] Stopping heartbeat service (PID: 656038)
[2026-01-04T20:19:20Z] [INFO] Heartbeat service stopped
[2026-01-04T20:20:26Z] [INFO] Heartbeat service started (PID: 664698)
[2026-01-04T20:27:36Z] [WARN] Heartbeat service already running (PID: 664698)
[2026-01-04T20:38:42Z] [INFO] Stopping heartbeat service (PID: 664698)
[2026-01-04T20:38:43Z] [INFO] Heartbeat service stopped
[2026-01-06T13:06:05Z] [INFO] Heartbeat service started (PID: 251)
[2026-01-06T13:08:10Z] [INFO] Stopping heartbeat service (PID: 251)
[2026-01-06T13:08:11Z] [INFO] Heartbeat service stopped
[2026-01-06T13:10:14Z] [INFO] Heartbeat service started (PID: 8322)
[2026-01-06T13:14:20Z] [INFO] Stopping heartbeat service (PID: 8322)
[2026-01-06T13:14:21Z] [INFO] Heartbeat service stopped
[2026-01-06T13:17:25Z] [INFO] Heartbeat service started (PID: 28892)
