[2026-01-04T19:43:30Z] [INFO] Heartbeat service starting
[2026-01-04T19:43:30Z] [DEBUG] Updated agent agent-1767555629988-l36c6n heartbeat in registry
[2026-01-04T19:43:30Z] [DEBUG] Refreshed leader lease for agent agent-1767555629988-l36c6n
[2026-01-04T19:43:30Z] [INFO] Heartbeat cycle complete (agent: agent-1767555629988-l36c6n)
[2026-01-04T19:43:30Z] [INFO] Heartbeat service complete
[2026-01-04T19:44:30Z] [INFO] Heartbeat service starting
[2026-01-04T19:44:30Z] [DEBUG] Updated agent agent-1767555629988-l36c6n heartbeat in registry
[2026-01-04T19:44:30Z] [DEBUG] Refreshed leader lease for agent agent-1767555629988-l36c6n
[2026-01-04T19:44:30Z] [INFO] Heartbeat cycle complete (agent: agent-1767555629988-l36c6n)
[2026-01-04T19:44:30Z] [INFO] Heartbeat service complete
[2026-01-04T19:46:52Z] [INFO] Heartbeat service starting
[2026-01-04T19:46:52Z] [DEBUG] Updated agent agent-1767555629988-l36c6n heartbeat in registry
[2026-01-04T19:46:52Z] [DEBUG] Refreshed leader lease for agent agent-1767555629988-l36c6n
[2026-01-04T19:46:52Z] [INFO] Heartbeat cycle complete (agent: agent-1767555629988-l36c6n)
[2026-01-04T19:46:52Z] [INFO] Heartbeat service complete (success)
[2026-01-04T19:47:52Z] [INFO] Heartbeat service starting
[2026-01-04T19:47:52Z] [DEBUG] Updated agent agent-1767555629988-l36c6n heartbeat in registry
[2026-01-04T19:47:52Z] [DEBUG] Refreshed leader lease for agent agent-1767555629988-l36c6n
[2026-01-04T19:47:52Z] [INFO] Heartbeat cycle complete (agent: agent-1767555629988-l36c6n)
[2026-01-04T19:47:52Z] [INFO] Heartbeat service complete (success)
