2025-12-31 16:02:27 - opencode inactive, waking up
2025-12-31 16:07:27 - opencode active
2025-12-31 16:12:27 - opencode active
2025-12-31 16:17:27 - opencode active
2025-12-31 16:21:07 - opencode inactive, waking up
2025-12-31 16:22:27 - opencode active
2025-12-31 16:26:07 - opencode active
2025-12-31 16:27:27 - opencode active
2025-12-31 16:31:07 - opencode inactive, waking up
2025-12-31 16:32:27 - opencode active
2025-12-31 16:36:07 - opencode inactive, waking up
2025-12-31 16:37:27 - opencode active
2025-12-31 16:41:07 - opencode active
2025-12-31 16:42:27 - opencode active
2025-12-31 16:46:07 - opencode inactive, waking up
2025-12-31 16:47:27 - opencode active
2025-12-31 16:51:07 - opencode active
2025-12-31 16:52:27 - opencode active
2025-12-31 16:56:07 - opencode active
2025-12-31 16:57:27 - opencode inactive, waking up
2025-12-31 17:01:07 - opencode active
2025-12-31 17:02:27 - opencode active
2025-12-31 17:06:07 - opencode inactive, waking up
2025-12-31 17:07:27 - opencode active
2025-12-31 17:11:07 - opencode active
2025-12-31 17:12:27 - opencode active
2025-12-31 17:16:07 - opencode inactive, waking up
2025-12-31 17:17:27 - opencode inactive, waking up
2025-12-31 17:21:07 - opencode active
2025-12-31 17:22:27 - opencode active
2025-12-31 17:26:07 - opencode inactive, waking up
2025-12-31 17:27:28 - opencode inactive, waking up
2025-12-31 17:31:07 - opencode active
2025-12-31 17:32:28 - opencode active
2025-12-31 17:36:07 - opencode active
2025-12-31 17:37:28 - opencode inactive, waking up
2025-12-31 17:41:08 - opencode active
2025-12-31 17:42:28 - opencode active
2025-12-31 17:46:08 - opencode inactive, waking up
2025-12-31 17:47:12 - opencode active
2025-12-31 17:47:12 - Assessment: session=9, status=phase_4_week1_watchdog_optimization, tasks=2, session_count:9
2025-12-31 17:52:12 - opencode active
2025-12-31 17:52:12 - Assessment: session=10, status=phase_4_week1_complete_transitioning_to_week2, tasks=3, session_count:10
2025-12-31 17:57:12 - opencode inactive, assessing state...
2025-12-31 17:57:12 - Assessment: session=10, status=phase_4_week1_complete_transitioning_to_week2, tasks=3, session_count:10
2025-12-31 17:57:12 - Waking up with assessment code: 0
2025-12-31 18:02:12 - opencode inactive, assessing state...
2025-12-31 18:02:12 - Assessment: session=12, status=phase_4_week2_sync_engine_deployed, tasks=3, session_count:12
2025-12-31 18:02:12 - Waking up with assessment code: 0
2025-12-31 18:07:13 - opencode active
2025-12-31 18:07:13 - Assessment: session=13, status=phase_4_week2_token_analytics_deployed, tasks=3, session_count:13
2025-12-31 18:12:13 - opencode inactive, assessing state...
2025-12-31 18:12:13 - Assessment: session=13, status=phase_4_week2_token_analytics_deployed, tasks=3, session_count:13
2025-12-31 18:12:13 - Waking up with assessment code: 0
2025-12-31 18:14:19 - opencode active
✅ Session metrics recorded
2025-12-31 18:14:19 - Assessment: session=13, status=phase_4_week2_token_analytics_deployed, tasks=3, session_count:13
2025-12-31 18:17:13 - opencode active
2025-12-31 18:17:13 - Assessment: session=13, status=phase_4_week2_token_analytics_deployed, tasks=3, session_count:13
2025-12-31 18:19:20 - opencode inactive, assessing state...
✅ Session metrics recorded
2025-12-31 18:19:20 - Assessment: session=14, status=phase_4_week2_knowledge_extraction_complete, tasks=3, session_count:14
2025-12-31 18:19:20 - Waking up with assessment code: 0
2025-12-31 18:22:13 - opencode active
2025-12-31 18:22:13 - Assessment: session=14, status=phase_4_week2_knowledge_extraction_complete, tasks=3, session_count:14
2025-12-31 18:24:20 - opencode active
✅ Session metrics recorded
2025-12-31 18:24:20 - Assessment: session=14, status=phase_4_week2_knowledge_extraction_complete, tasks=3, session_count:14
2025-12-31 18:27:13 - opencode active
2025-12-31 18:27:13 - Assessment: session=14, status=phase_4_week2_knowledge_extraction_complete, tasks=3, session_count:14
2025-12-31 18:29:21 - opencode inactive, assessing state...
✅ Session metrics recorded
2025-12-31 18:29:21 - Assessment: session=15, status=phase_4_week2_auto_context_injection_active, tasks=3, session_count:15
2025-12-31 18:29:21 - Waking up with assessment code: 0
2025-12-31 18:32:13 - opencode inactive, assessing state...
2025-12-31 18:32:13 - Assessment: session=15, status=phase_4_week2_auto_context_injection_active, tasks=3, session_count:15
2025-12-31 18:32:13 - Waking up with assessment code: 0
2025-12-31 18:34:21 - opencode active
✅ Session metrics recorded
2025-12-31 18:34:21 - Assessment: session=16, status=phase_4_week2_auto_context_injection_active, tasks=3, session_count:16
2025-12-31 18:37:13 - opencode active
2025-12-31 18:37:13 - Assessment: session=16, status=phase_4_week3_critical_assessment, tasks=3, session_count:16
2025-12-31 18:39:22 - opencode active
2025-12-31 18:42:13 - opencode active
2025-12-31 18:42:13 - Assessment: session=16, status=phase_4_week3_critical_assessment, tasks=3, session_count:16
2025-12-31 18:47:13 - opencode active
2025-12-31 18:47:13 - Assessment: session=16, status=phase_4_week3_critical_assessment, tasks=3, session_count:16
2025-12-31 18:48:43 - opencode active
✅ Session metrics recorded
2025-12-31 18:48:43 - Assessment: session=16, status=phase_4_week3_critical_assessment, tasks=3, session_count:16
2025-12-31 18:50:12 - opencode active
✅ Session metrics recorded
2025-12-31 18:50:12 - Assessment: session=16, status=phase_4_week3_critical_assessment, tasks=3, session_count:16
2025-12-31 18:51:07 - opencode inactive, assessing state...
✅ Session metrics recorded
2025-12-31 18:51:07 - Assessment: session=16, status=phase_4_week3_critical_assessment, tasks=3, session_count:16
2025-12-31 18:51:07 - Waking up with assessment code: 0
2025-12-31 18:54:03 - opencode inactive, assessing state...
✅ Session metrics recorded
2025-12-31 18:54:03 - Assessment: session=16, status=phase_4_week3_critical_assessment, tasks=3, session_count:16
2025-12-31 18:54:03 - Waking up with assessment code: 0
2025-12-31 18:56:19 - opencode inactive, assessing state...
✅ Session metrics recorded
2025-12-31 18:56:19 - Assessment: session=66, status=phase_4_week3_critical_assessment, tasks=3, session_count:66
2025-12-31 18:56:19 - Waking up with assessment code: 0
2025-12-31 18:57:28 - opencode inactive, assessing state...
✅ Session metrics recorded
2025-12-31 18:57:28 - Assessment: session=66, status=phase_4_week3_critical_assessment, tasks=3, session_count:66
2025-12-31 18:57:28 - Waking up with assessment code: 0
2025-12-31 19:01:39 - opencode inactive, assessing state...
✅ Session metrics recorded
2025-12-31 19:01:39 - Assessment: session=66, status=phase_4_week3_critical_assessment, tasks=3, session_count:66
2025-12-31 19:01:39 - Waking up with assessment code: 0
2025-12-31 19:02:02 - opencode inactive, assessing state...
✅ Session metrics recorded
2025-12-31 19:02:02 - Assessment: session=66, status=phase_4_week3_critical_assessment, tasks=3, session_count:66
2025-12-31 19:02:02 - Waking up with assessment code: 0
2025-12-31 19:05:12 - opencode inactive, assessing state...
✅ Session metrics recorded
2025-12-31 19:05:12 - Assessment: session=66, status=phase_4_week3_critical_assessment, tasks=3, session_count:66
2025-12-31 19:05:12 - Waking up with assessment code: 0
2025-12-31 19:05:43 - opencode inactive, assessing state...
✅ Session metrics recorded
2025-12-31 19:05:43 - Assessment: session=66, status=phase_4_week3_critical_assessment, tasks=3, session_count:66
2025-12-31 19:05:43 - Waking up with assessment code: 0
2025-12-31 19:06:13 - opencode inactive, assessing state...
✅ Session metrics recorded
2025-12-31 19:06:13 - Assessment: session=66, status=phase_4_week3_critical_assessment, tasks=3, session_count:66
2025-12-31 19:06:13 - Waking up with assessment code: 0
2025-12-31 19:06:44 - opencode inactive, assessing state...
✅ Session metrics recorded
2025-12-31 19:06:44 - Assessment: session=66, status=phase_4_week3_critical_assessment, tasks=3, session_count:66
2025-12-31 19:06:44 - Waking up with assessment code: 0
2025-12-31 19:07:14 - opencode inactive, assessing state...
✅ Session metrics recorded
2025-12-31 19:07:14 - Assessment: session=66, status=phase_4_week3_critical_assessment, tasks=3, session_count:66
2025-12-31 19:07:14 - Waking up with assessment code: 0
2025-12-31 19:07:45 - opencode inactive, assessing state...
✅ Session metrics recorded
2025-12-31 19:07:45 - Assessment: session=66, status=phase_4_week3_critical_assessment, tasks=3, session_count:66
2025-12-31 19:07:45 - Waking up with assessment code: 0
2025-12-31 19:08:15 - opencode active
✅ Session metrics recorded
2025-12-31 19:08:15 - Assessment: session=66, status=phase_4_week3_critical_assessment, tasks=3, session_count:66
2025-12-31 19:08:46 - opencode active
✅ Session metrics recorded
2025-12-31 19:08:46 - Assessment: session=66, status=phase_4_week3_critical_assessment, tasks=3, session_count:66
2025-12-31 19:09:16 - opencode inactive, assessing state...
✅ Session metrics recorded
2025-12-31 19:09:16 - Assessment: session=66, status=phase_4_week3_critical_assessment, tasks=3, session_count:66
2025-12-31 19:09:16 - Waking up with assessment code: 0
2025-12-31 19:09:47 - opencode active
✅ Session metrics recorded
2025-12-31 19:09:47 - Assessment: session=66, status=phase_4_week3_critical_assessment, tasks=3, session_count:66
2025-12-31 19:10:17 - opencode active
✅ Session metrics recorded
2025-12-31 19:10:17 - Assessment: session=66, status=phase_4_week3_critical_assessment, tasks=3, session_count:66
2025-12-31 19:10:48 - opencode inactive, assessing state...
✅ Session metrics recorded
2025-12-31 19:10:48 - Assessment: session=66, status=phase_4_week3_critical_assessment, tasks=3, session_count:66
2025-12-31 19:10:48 - Waking up with assessment code: 0
2025-12-31 19:11:18 - opencode active
✅ Session metrics recorded
2025-12-31 19:11:18 - Assessment: session=66, status=phase_4_week3_critical_assessment, tasks=3, session_count:66
2025-12-31 19:11:49 - opencode inactive, assessing state...
✅ Session metrics recorded
2025-12-31 19:11:49 - Assessment: session=66, status=phase_4_week3_critical_assessment, tasks=3, session_count:66
2025-12-31 19:11:49 - Waking up with assessment code: 0
2025-12-31 19:12:19 - opencode inactive, assessing state...
✅ Session metrics recorded
2025-12-31 19:12:19 - Assessment: session=66, status=phase_4_week3_critical_assessment, tasks=3, session_count:66
2025-12-31 19:12:19 - Waking up with assessment code: 0
2025-12-31 19:12:50 - opencode inactive, assessing state...
✅ Session metrics recorded
2025-12-31 19:12:50 - Assessment: session=66, status=phase_4_week3_critical_assessment, tasks=3, session_count:66
2025-12-31 19:12:50 - Waking up with assessment code: 0
2025-12-31 19:16:22 - opencode inactive, waking up
2025-12-31 19:16:52 - opencode active
2025-12-31 19:17:22 - opencode active
2025-12-31 19:17:52 - opencode active
2025-12-31 19:18:22 - opencode active
2025-12-31 19:18:52 - opencode active
2025-12-31 19:19:22 - opencode active
2025-12-31 19:19:52 - opencode active
2025-12-31 19:20:22 - opencode inactive, waking up
2025-12-31 19:20:52 - opencode active
2025-12-31 19:21:22 - opencode active
2025-12-31 19:21:52 - opencode active
2025-12-31 19:22:22 - opencode active
2025-12-31 19:22:52 - opencode active
2025-12-31 19:23:22 - opencode active
2025-12-31 19:23:52 - opencode inactive, waking up
2025-12-31 19:24:22 - opencode active
2025-12-31 19:24:52 - opencode active
2025-12-31 19:25:22 - opencode active
2025-12-31 19:25:52 - opencode active
2025-12-31 19:26:22 - opencode active
2025-12-31 19:26:52 - opencode active
2025-12-31 19:27:22 - opencode active
2025-12-31 19:27:52 - opencode active
2025-12-31 19:28:22 - opencode active
2025-12-31 19:28:52 - opencode active
2025-12-31 19:29:22 - opencode active
2025-12-31 19:29:52 - opencode active
2025-12-31 19:30:22 - opencode active
2025-12-31 19:30:52 - opencode inactive, waking up
2025-12-31 19:31:22 - opencode inactive, waking up
2025-12-31 19:31:52 - opencode inactive, waking up
2025-12-31 19:32:22 - opencode inactive, waking up
2025-12-31 19:32:52 - opencode inactive, waking up
2025-12-31 19:33:23 - opencode inactive, waking up
2025-12-31 19:33:53 - opencode inactive, waking up
2025-12-31 19:34:23 - opencode inactive, waking up
2025-12-31 19:34:53 - opencode inactive, waking up
2025-12-31 19:35:00 - opencode inactive, waking up
