[91m[1m| [0m[90m Bash     [0mDescribe monitoring strategy

=== SESSION 193 ORCHESTRATOR MAIN LOOP ===
Leader ID: agent-1767705882830-ngqhk3 (epoch 6)
Status: ACTIVE and monitoring workers

Current situation:
- 6 agents active (1 orchestrator + 5 workers)
- 2 workers spawned for pending tasks (PID 72082, 72142)
- 2 completed tasks already assessed (9.0/10, 8.3/10)
- 206 tests passing
- System healthy

Monitoring for:
1. Worker completions via agent_messages()
2. Task status changes
3. Leader lease renewal (TTL 180s)
4. Any system issues

Orchestrator will:
- Check agent_messages() regularly for task_complete events
- Assess quality when tasks complete
- Update task status
- Monitor system health
- Spawn additional workers if needed
- Continue until session idle or critical issue

Next: Waiting for worker completions...

