[91m[1m| [0m[90m Bash     [0mRun test suite to verify system health

â–¶ Running: Orchestrator respawn logic validation
  File: tools/lib/orchestrator-respawn.test.ts
bun test v1.3.5 (1e86cebd)

 1 pass
 0 fail
 3 expect() calls
Ran 1 test across 1 file. [10.00ms]

â–¶ Running: Spec file generator tests
  File: tools/lib/spec-generator.test.ts
bun test v1.3.5 (1e86cebd)

 4 pass
 0 fail
 8 expect() calls
Ran 4 tests across 1 file. [12.00ms]

â•”â•â•â•â•â•â•â•â•â•â•â•â•â•â•â•â•â•â•â•â•â•â•â•â•â•â•â•â•â•â•â•â•â•â•â•â•â•â•â•â•â•â•â•â•â•—
â•‘  Test Summary                              â•‘
â•šâ•â•â•â•â•â•â•â•â•â•â•â•â•â•â•â•â•â•â•â•â•â•â•â•â•â•â•â•â•â•â•â•â•â•â•â•â•â•â•â•â•â•â•â•â•

  âœ“ PASS - shared-utils
  âœ“ PASS - plugin-tools
  âœ“ PASS - plugin-integration
  âœ“ PASS - orchestrator-respawn
  âœ“ PASS - spec-generator

Total: 5 passed, 0 failed


